Using pre-set license
Built from '2020.3/staging' branch; Version is '2020.3.24f1 (79c78de19888) revision 7980941'; Using compiler version '192528614'; Build Type 'Release'
OS: 'Windows 11  (10.0.22000) 64bit Professional' Language: 'ru' Physical Memory: 8061 MB
BatchMode: 1, IsHumanControllingUs: 0, StartBugReporterOnCrash: 0, Is64bit: 1, IsPro: 0

COMMAND LINE ARGUMENTS:
C:\Program Files\Unity\Hub\Editor\2020.3.24f1\Editor\Unity.exe
-adb2
-batchMode
-noUpm
-name
AssetImportWorker0
-projectPath
C:/Users/tdsai/OneDrive/Рабочий стол/ExampleVisual
-logFile
Logs/AssetImportWorker0.log
-srvPort
52998
Successfully changed project path to: C:/Users/tdsai/OneDrive/Рабочий стол/ExampleVisual
C:/Users/tdsai/OneDrive/Рабочий стол/ExampleVisual
Using Asset Import Pipeline V2.
Refreshing native plugins compatible for Editor in 90.55 ms, found 4 plugins.
Preloading 0 native plugins for Editor in 0.00 ms.
Initialize engine version: 2020.3.24f1 (79c78de19888)
[Subsystems] Discovering subsystems at path C:/Program Files/Unity/Hub/Editor/2020.3.24f1/Editor/Data/Resources/UnitySubsystems
[Subsystems] Discovering subsystems at path C:/Users/tdsai/OneDrive/Рабочий стол/ExampleVisual/Assets
GfxDevice: creating device client; threaded=0
Direct3D:
    Version:  Direct3D 11.0 [level 11.0]
    Renderer: NVIDIA GeForce GTX 750 (ID=0x1381)
    Vendor:   
    VRAM:     2007 MB
    Driver:   30.0.14.9709
Initialize mono
Mono path[0] = 'C:/Program Files/Unity/Hub/Editor/2020.3.24f1/Editor/Data/Managed'
Mono path[1] = 'C:/Program Files/Unity/Hub/Editor/2020.3.24f1/Editor/Data/MonoBleedingEdge/lib/mono/unityjit'
Mono config path = 'C:/Program Files/Unity/Hub/Editor/2020.3.24f1/Editor/Data/MonoBleedingEdge/etc'
Using monoOptions --debugger-agent=transport=dt_socket,embedding=1,server=y,suspend=n,address=127.0.0.1:56380
Begin MonoManager ReloadAssembly
Registering precompiled unity dll's ...
Register platform support module: C:/Program Files/Unity/Hub/Editor/2020.3.24f1/Editor/Data/PlaybackEngines/WindowsStandaloneSupport/UnityEditor.WindowsStandalone.Extensions.dll
Registered in 0.001024 seconds.
Native extension for WindowsStandalone target not found
Refreshing native plugins compatible for Editor in 93.11 ms, found 4 plugins.
Preloading 0 native plugins for Editor in 0.00 ms.
Mono: successfully reloaded assembly
- Completed reload, in  0.576 seconds
Domain Reload Profiling:
	ReloadAssembly (577ms)
		BeginReloadAssembly (41ms)
			ExecutionOrderSort (0ms)
			DisableScriptedObjects (0ms)
			BackupInstance (0ms)
			ReleaseScriptingObjects (0ms)
			CreateAndSetChildDomain (1ms)
		EndReloadAssembly (476ms)
			LoadAssemblies (39ms)
			RebuildTransferFunctionScriptingTraits (0ms)
			SetupTypeCache (134ms)
			ReleaseScriptCaches (0ms)
			RebuildScriptCaches (28ms)
			SetupLoadedEditorAssemblies (225ms)
				LogAssemblyErrors (0ms)
				InitializePlatformSupportModulesInManaged (4ms)
				SetLoadedEditorAssemblies (0ms)
				RefreshPlugins (93ms)
				BeforeProcessingInitializeOnLoad (8ms)
				ProcessInitializeOnLoadAttributes (88ms)
				ProcessInitializeOnLoadMethodAttributes (32ms)
				AfterProcessingInitializeOnLoad (0ms)
				EditorAssembliesLoaded (0ms)
			ExecutionOrderSort2 (0ms)
			AwakeInstancesAfterBackupRestoration (0ms)
Platform modules already initialized, skipping
Registering precompiled user dll's ...
Registered in 0.009357 seconds.
Begin MonoManager ReloadAssembly
Symbol file LoadedFromMemory doesn't match image C:\Users\tdsai\OneDrive\Рабочий стол\ExampleVisual\Library\PackageCache\com.unity.visualscripting@1.7.2\Editor\VisualScripting.Core\Dependencies\YamlDotNet\Unity.VisualScripting.YamlDotNet.dll
Symbol file LoadedFromMemory doesn't match image C:\Users\tdsai\OneDrive\Рабочий стол\ExampleVisual\Library\PackageCache\com.unity.visualscripting@1.7.2\Editor\VisualScripting.Core\Dependencies\DotNetZip\Unity.VisualScripting.IonicZip.dll
Native extension for WindowsStandalone target not found
Refreshing native plugins compatible for Editor in 0.71 ms, found 4 plugins.
Preloading 0 native plugins for Editor in 0.00 ms.
Mono: successfully reloaded assembly
- Completed reload, in  1.086 seconds
Domain Reload Profiling:
	ReloadAssembly (1086ms)
		BeginReloadAssembly (122ms)
			ExecutionOrderSort (0ms)
			DisableScriptedObjects (4ms)
			BackupInstance (0ms)
			ReleaseScriptingObjects (0ms)
			CreateAndSetChildDomain (16ms)
		EndReloadAssembly (910ms)
			LoadAssemblies (84ms)
			RebuildTransferFunctionScriptingTraits (0ms)
			SetupTypeCache (360ms)
			ReleaseScriptCaches (1ms)
			RebuildScriptCaches (48ms)
			SetupLoadedEditorAssemblies (318ms)
				LogAssemblyErrors (0ms)
				InitializePlatformSupportModulesInManaged (4ms)
				SetLoadedEditorAssemblies (0ms)
				RefreshPlugins (1ms)
				BeforeProcessingInitializeOnLoad (71ms)
				ProcessInitializeOnLoadAttributes (226ms)
				ProcessInitializeOnLoadMethodAttributes (12ms)
				AfterProcessingInitializeOnLoad (5ms)
				EditorAssembliesLoaded (0ms)
			ExecutionOrderSort2 (0ms)
			AwakeInstancesAfterBackupRestoration (6ms)
Platform modules already initialized, skipping
========================================================================
Worker process is ready to serve import requests
Launched and connected shader compiler UnityShaderCompiler.exe after 0.05 seconds
Refreshing native plugins compatible for Editor in 1.12 ms, found 4 plugins.
Preloading 0 native plugins for Editor in 0.00 ms.
Unloading 3094 Unused Serialized files (Serialized files now loaded: 0)
System memory in use before: 110.7 MB.
System memory in use after: 110.9 MB.

Unloading 39 unused Assets to reduce memory usage. Loaded Objects now: 3591.
Total: 3.130800 ms (FindLiveObjects: 0.340200 ms CreateObjectMapping: 0.187000 ms MarkObjects: 2.541600 ms  DeleteObjects: 0.060800 ms)

AssetImportParameters requested are different than current active one (requested -> active):
  custom:framework-win-MediaFoundation: 216162199b28c13a410421893ffa2e32 -> 
  custom:video-decoder-ogg-theora: a1e56fd34408186e4bbccfd4996cb3dc -> 
  custom:container-muxer-webm: aa71ff27fc2769a1b78a27578f13a17b -> 
  custom:container-demuxer-webm: 4f35f7cbe854078d1ac9338744f61a02 -> 
  custom:container-demuxer-ogg: 62fdf1f143b41e24485cea50d1cbac27 -> 
  custom:video-encoder-webm-vp8: eb34c28f22e8b96e1ab97ce403110664 -> 
  custom:video-decoder-webm-vp8: 9c59270c3fd7afecdb556c50c9e8de78 -> 
  custom:audio-decoder-ogg-vorbis: bf7c407c2cedff20999df2af8eb42d56 -> 
  custom:audio-encoder-webm-vorbis: bf7c407c2cedff20999df2af8eb42d56 -> 
========================================================================
Received Import Request.
  path: Assets/Scenes
  artifactKey: Guid(4abd21eaf5902324ca31577e79e5973a) Importer(815301076,1909f56bfc062723c751e8b465ee728b)
Start importing Assets/Scenes using Guid(4abd21eaf5902324ca31577e79e5973a) Importer(815301076,1909f56bfc062723c751e8b465ee728b)  -> (artifact id: '2d0f99ab216fb3ea181368ef95304bf8') in 0.009328 seconds 
  Import took 0.014104 seconds .

========================================================================
Received Import Request.
  Time since last request: 0.000196 seconds.
  path: Assets/Scenes/SampleScene.unity
  artifactKey: Guid(9fc0d4010bbf28b4594072e72b8655ab) Importer(815301076,1909f56bfc062723c751e8b465ee728b)
Start importing Assets/Scenes/SampleScene.unity using Guid(9fc0d4010bbf28b4594072e72b8655ab) Importer(815301076,1909f56bfc062723c751e8b465ee728b)  -> (artifact id: 'dcc088d1731b590f9572c6f2bab98c6a') in 0.016777 seconds 
  Import took 0.021307 seconds .

========================================================================
Received Import Request.
  Time since last request: 4.369950 seconds.
  path: Assets/Scripts
  artifactKey: Guid(de313fba536ea8848833b0c7e440fecf) Importer(815301076,1909f56bfc062723c751e8b465ee728b)
Start importing Assets/Scripts using Guid(de313fba536ea8848833b0c7e440fecf) Importer(815301076,1909f56bfc062723c751e8b465ee728b)  -> (artifact id: '5613123bd95e4739eb0b2fda24f8d45b') in 0.009838 seconds 
  Import took 0.014985 seconds .

========================================================================
Received Import Request.
  Time since last request: 0.052340 seconds.
  path: Assets/Scripts/Move.asset
  artifactKey: Guid(146f5e23e6ab24c4a898db3fb1c8d3c9) Importer(815301076,1909f56bfc062723c751e8b465ee728b)
Start importing Assets/Scripts/Move.asset using Guid(146f5e23e6ab24c4a898db3fb1c8d3c9) Importer(815301076,1909f56bfc062723c751e8b465ee728b)  -> (artifact id: '0ee4d33e99eaf798e4441e15654a171a') in 0.714983 seconds 
  Import took 0.722697 seconds .

========================================================================
Received Import Request.
  Time since last request: 153.043337 seconds.
  path: Assets
  artifactKey: Guid(00000000000000001000000000000000) Importer(815301076,1909f56bfc062723c751e8b465ee728b)
Start importing Assets using Guid(00000000000000001000000000000000) Importer(815301076,1909f56bfc062723c751e8b465ee728b)  -> (artifact id: '42d402b061de3733987d63b9cc3b64de') in 0.009659 seconds 
  Import took 0.017336 seconds .

========================================================================
Received Import Request.
  Time since last request: 6.706901 seconds.
  path: Assets/Prefabs
  artifactKey: Guid(760aec1aabe1c2b42a5b7434b5e3a52b) Importer(815301076,1909f56bfc062723c751e8b465ee728b)
Start importing Assets/Prefabs using Guid(760aec1aabe1c2b42a5b7434b5e3a52b) Importer(815301076,1909f56bfc062723c751e8b465ee728b)  -> (artifact id: '67c45922b402ff037c8392a43a3ee24e') in 0.009429 seconds 
  Import took 0.014202 seconds .

========================================================================
Received Import Request.
  Time since last request: 13.885020 seconds.
  path: Assets/Materials
  artifactKey: Guid(7dd555a2a1abac243a7a49e376276352) Importer(815301076,1909f56bfc062723c751e8b465ee728b)
Start importing Assets/Materials using Guid(7dd555a2a1abac243a7a49e376276352) Importer(815301076,1909f56bfc062723c751e8b465ee728b)  -> (artifact id: '09dcb2f69b18b77bd0c551689596c61d') in 0.007834 seconds 
  Import took 0.012768 seconds .

========================================================================
Received Import Request.
  Time since last request: 0.043534 seconds.
  path: Assets/Materials/Black.mat
  artifactKey: Guid(89114dbf9655eda408c617c47f0630dc) Importer(815301076,1909f56bfc062723c751e8b465ee728b)
Start importing Assets/Materials/Black.mat using Guid(89114dbf9655eda408c617c47f0630dc) Importer(815301076,1909f56bfc062723c751e8b465ee728b)  -> (artifact id: '810a45b9454975d8c2be31e69457b638') in 0.293136 seconds 
  Import took 0.298281 seconds .

========================================================================
Received Import Request.
  Time since last request: 0.000255 seconds.
  path: Assets/Materials/New Material.mat
  artifactKey: Guid(6185dbecdbb5cba43aadd29020bdbb3f) Importer(815301076,1909f56bfc062723c751e8b465ee728b)
Start importing Assets/Materials/New Material.mat using Guid(6185dbecdbb5cba43aadd29020bdbb3f) Importer(815301076,1909f56bfc062723c751e8b465ee728b)  -> (artifact id: '5df746bc0e3c1372ac2d7a51b3e0c752') in 0.017880 seconds 
  Import took 0.022919 seconds .

========================================================================
Received Import Request.
  Time since last request: 0.000254 seconds.
  path: Assets/Materials/joker_png_by_buffy2ville_ddhiww4-fullview.png
  artifactKey: Guid(bc110d380f7d3d2408ce5219fd2aeeaa) Importer(815301076,1909f56bfc062723c751e8b465ee728b)
Start importing Assets/Materials/joker_png_by_buffy2ville_ddhiww4-fullview.png using Guid(bc110d380f7d3d2408ce5219fd2aeeaa) Importer(815301076,1909f56bfc062723c751e8b465ee728b)  -> (artifact id: '745087adeaa1351fd3d07909c03b9443') in 0.023086 seconds 
  Import took 0.027803 seconds .

========================================================================
Received Import Request.
  Time since last request: 0.000197 seconds.
  path: Assets/Materials/New Material 1.mat
  artifactKey: Guid(2d11ab8972f08ee4f8a4ef82a16298f5) Importer(815301076,1909f56bfc062723c751e8b465ee728b)
Start importing Assets/Materials/New Material 1.mat using Guid(2d11ab8972f08ee4f8a4ef82a16298f5) Importer(815301076,1909f56bfc062723c751e8b465ee728b)  -> (artifact id: '417b699827989b9e4d48d62ac3854808') in 0.013050 seconds 
  Import took 0.019458 seconds .

========================================================================
Received Import Request.
  Time since last request: 101.469781 seconds.
  path: Assets/Ludiq/Bolt.Core/IconMap/Bolt.VariablesAsset.png
  artifactKey: Guid(7e1f811eb716b3844aad1127122172ed) Importer(815301076,1909f56bfc062723c751e8b465ee728b)
Start importing Assets/Ludiq/Bolt.Core/IconMap/Bolt.VariablesAsset.png using Guid(7e1f811eb716b3844aad1127122172ed) Importer(815301076,1909f56bfc062723c751e8b465ee728b)  -> (artifact id: '9d538553eaec29d9bba7238d64043112') in 0.012146 seconds 
  Import took 0.017364 seconds .

========================================================================
Received Import Request.
  Time since last request: 0.000130 seconds.
  path: Assets/Ludiq/Bolt.Core/IconMap/Bolt.Variables.png
  artifactKey: Guid(f4241d97facf9bf4881222c2789a4c14) Importer(815301076,1909f56bfc062723c751e8b465ee728b)
Start importing Assets/Ludiq/Bolt.Core/IconMap/Bolt.Variables.png using Guid(f4241d97facf9bf4881222c2789a4c14) Importer(815301076,1909f56bfc062723c751e8b465ee728b)  -> (artifact id: '316504de95c448240331c9691e04ec8f') in 0.013361 seconds 
  Import took 0.020388 seconds .

========================================================================
Received Import Request.
  Time since last request: 0.000267 seconds.
  path: Assets/Ludiq/Bolt.Core/IconMap/Bolt.UnityMessageListener.png
  artifactKey: Guid(310bebb331cf47f42b7f0b57b1f5bfcf) Importer(815301076,1909f56bfc062723c751e8b465ee728b)
Start importing Assets/Ludiq/Bolt.Core/IconMap/Bolt.UnityMessageListener.png using Guid(310bebb331cf47f42b7f0b57b1f5bfcf) Importer(815301076,1909f56bfc062723c751e8b465ee728b)  -> (artifact id: '6e35aac59e7d919f4d417e8ffeaaef13') in 0.014267 seconds 
  Import took 0.021355 seconds .

========================================================================
Received Import Request.
  Time since last request: 0.000183 seconds.
  path: Assets/Ludiq/Bolt.Core/IconMap/Bolt.VariablesSaver.png
  artifactKey: Guid(c49720c31a0991d48aa5d1fcf9d6d1a6) Importer(815301076,1909f56bfc062723c751e8b465ee728b)
Start importing Assets/Ludiq/Bolt.Core/IconMap/Bolt.VariablesSaver.png using Guid(c49720c31a0991d48aa5d1fcf9d6d1a6) Importer(815301076,1909f56bfc062723c751e8b465ee728b)  -> (artifact id: '9b9206055667c5d5b20804b4b502ded0') in 0.011446 seconds 
  Import took 0.017877 seconds .

========================================================================
Received Import Request.
  Time since last request: 0.000165 seconds.
  path: Assets/Ludiq/Bolt.State/IconMap/Bolt.StateMacro.png
  artifactKey: Guid(b28af3520c9f270429f383116bd0d368) Importer(815301076,1909f56bfc062723c751e8b465ee728b)
Start importing Assets/Ludiq/Bolt.State/IconMap/Bolt.StateMacro.png using Guid(b28af3520c9f270429f383116bd0d368) Importer(815301076,1909f56bfc062723c751e8b465ee728b)  -> (artifact id: '6f61fdcce72acb8ce1853cf2580fcd36') in 0.012636 seconds 
  Import took 0.018278 seconds .

========================================================================
Received Import Request.
  Time since last request: 0.000153 seconds.
  path: Assets/Ludiq/Bolt.Core/IconMap/Bolt.SceneVariables.png
  artifactKey: Guid(85b733ff25d1eee479a6d510562bd0b2) Importer(815301076,1909f56bfc062723c751e8b465ee728b)
Start importing Assets/Ludiq/Bolt.Core/IconMap/Bolt.SceneVariables.png using Guid(85b733ff25d1eee479a6d510562bd0b2) Importer(815301076,1909f56bfc062723c751e8b465ee728b)  -> (artifact id: 'd7bb3dad461a90fdf50016e8614e8d03') in 0.013863 seconds 
  Import took 0.019280 seconds .

========================================================================
Received Import Request.
  Time since last request: 0.000164 seconds.
  path: Assets/Ludiq/Bolt.Core/IconMap/Bolt.GlobalMessageListener.png
  artifactKey: Guid(0129cf6bb23df2f41824eda97d16ee6e) Importer(815301076,1909f56bfc062723c751e8b465ee728b)
Start importing Assets/Ludiq/Bolt.Core/IconMap/Bolt.GlobalMessageListener.png using Guid(0129cf6bb23df2f41824eda97d16ee6e) Importer(815301076,1909f56bfc062723c751e8b465ee728b)  -> (artifact id: '54f953c42c089175b4d6c738d71fb602') in 0.012569 seconds 
  Import took 0.018405 seconds .

========================================================================
Received Import Request.
  Time since last request: 0.000206 seconds.
  path: Assets/Ludiq/Bolt.State/IconMap/Bolt.StateMachine.png
  artifactKey: Guid(78beaf4c6e26bf745b5bc7dfe5d007be) Importer(815301076,1909f56bfc062723c751e8b465ee728b)
Start importing Assets/Ludiq/Bolt.State/IconMap/Bolt.StateMachine.png using Guid(78beaf4c6e26bf745b5bc7dfe5d007be) Importer(815301076,1909f56bfc062723c751e8b465ee728b)  -> (artifact id: 'eeb25c1f6136b2ccddddc712668eb46e') in 0.012757 seconds 
  Import took 0.018948 seconds .

========================================================================
Received Import Request.
  Time since last request: 0.143206 seconds.
  path: Assets/Ludiq/Bolt.Flow/IconMap/Bolt.FlowMachine.png
  artifactKey: Guid(fe5b77214c748b64ba5033f2af1b4c34) Importer(815301076,1909f56bfc062723c751e8b465ee728b)
Start importing Assets/Ludiq/Bolt.Flow/IconMap/Bolt.FlowMachine.png using Guid(fe5b77214c748b64ba5033f2af1b4c34) Importer(815301076,1909f56bfc062723c751e8b465ee728b)  -> (artifact id: 'd910bae8ef87e4dcb5cb3e02d95489f5') in 0.012091 seconds 
  Import took 0.017820 seconds .

========================================================================
Received Import Request.
  Time since last request: 0.000239 seconds.
  path: Assets/Ludiq/Bolt.Flow/IconMap/Bolt.FlowMacro.png
  artifactKey: Guid(b33b72199830c924da117a3cf9f3b69e) Importer(815301076,1909f56bfc062723c751e8b465ee728b)
Start importing Assets/Ludiq/Bolt.Flow/IconMap/Bolt.FlowMacro.png using Guid(b33b72199830c924da117a3cf9f3b69e) Importer(815301076,1909f56bfc062723c751e8b465ee728b)  -> (artifact id: '82da6622824e3dce04eab91e62d5fb44') in 0.013905 seconds 
  Import took 0.019891 seconds .

========================================================================
Received Import Request.
  Time since last request: 0.021535 seconds.
  path: Assets/Ludiq/Bolt.Core/IconMap/Bolt.AnimatorMessageListener.png
  artifactKey: Guid(21763ada12b1de54a9de03382ecdf3fe) Importer(815301076,1909f56bfc062723c751e8b465ee728b)
Start importing Assets/Ludiq/Bolt.Core/IconMap/Bolt.AnimatorMessageListener.png using Guid(21763ada12b1de54a9de03382ecdf3fe) Importer(815301076,1909f56bfc062723c751e8b465ee728b)  -> (artifact id: '88ecd8e36047a3127d63941e15a7909c') in 0.011346 seconds 
  Import took 0.017083 seconds .

========================================================================
Received Import Request.
  Time since last request: 149.954164 seconds.
  path: Assets/Physics
  artifactKey: Guid(c9ac14a059d26584c97ae1cc861dce3f) Importer(815301076,1909f56bfc062723c751e8b465ee728b)
Start importing Assets/Physics using Guid(c9ac14a059d26584c97ae1cc861dce3f) Importer(815301076,1909f56bfc062723c751e8b465ee728b)  -> (artifact id: 'd08c3005d105af818024721a3a6578fc') in 0.008798 seconds 
  Import took 0.014224 seconds .

========================================================================
Received Import Request.
  Time since last request: 0.032908 seconds.
  path: Assets/Physics/blak.physicMaterial
  artifactKey: Guid(61377b56f96ece648b961c6922ea83dc) Importer(815301076,1909f56bfc062723c751e8b465ee728b)
Start importing Assets/Physics/blak.physicMaterial using Guid(61377b56f96ece648b961c6922ea83dc) Importer(815301076,1909f56bfc062723c751e8b465ee728b)  -> (artifact id: 'a1ac28fce44ccf98b98f14ae70df24b1') in 0.009782 seconds 
  Import took 0.014337 seconds .

========================================================================
Received Import Request.
  Time since last request: 0.000140 seconds.
  path: Assets/Physics/Material.physicMaterial
  artifactKey: Guid(3104e6e28f47f55458bc57c6eb840e2e) Importer(815301076,1909f56bfc062723c751e8b465ee728b)
Start importing Assets/Physics/Material.physicMaterial using Guid(3104e6e28f47f55458bc57c6eb840e2e) Importer(815301076,1909f56bfc062723c751e8b465ee728b)  -> (artifact id: 'b1c5e26c83bcaa653ae6bd3a511cba50') in 0.009854 seconds 
  Import took 0.015216 seconds .

========================================================================
Received Import Request.
  Time since last request: 8.046211 seconds.
  path: Assets/Physics/Standart.physicMaterial
  artifactKey: Guid(61377b56f96ece648b961c6922ea83dc) Importer(815301076,1909f56bfc062723c751e8b465ee728b)
Start importing Assets/Physics/Standart.physicMaterial using Guid(61377b56f96ece648b961c6922ea83dc) Importer(815301076,1909f56bfc062723c751e8b465ee728b)  -> (artifact id: 'fe83ec8d1ccda2a9139f9cb87168cd52') in 0.009260 seconds 
  Import took 0.015079 seconds .

========================================================================
Received Import Request.
  Time since last request: 4.532611 seconds.
  path: Assets/Physics/BounceFX.physicMaterial
  artifactKey: Guid(61377b56f96ece648b961c6922ea83dc) Importer(815301076,1909f56bfc062723c751e8b465ee728b)
Start importing Assets/Physics/BounceFX.physicMaterial using Guid(61377b56f96ece648b961c6922ea83dc) Importer(815301076,1909f56bfc062723c751e8b465ee728b)  -> (artifact id: '75fd3a43bd370ac6774e6bd16ed82383') in 0.007442 seconds 
  Import took 0.012373 seconds .

========================================================================
Received Prepare
Registering precompiled user dll's ...
Registered in 0.007415 seconds.
Begin MonoManager ReloadAssembly
Symbol file LoadedFromMemory doesn't match image C:\Users\tdsai\OneDrive\Рабочий стол\ExampleVisual\Library\PackageCache\com.unity.visualscripting@1.7.2\Editor\VisualScripting.Core\Dependencies\YamlDotNet\Unity.VisualScripting.YamlDotNet.dll
Symbol file LoadedFromMemory doesn't match image C:\Users\tdsai\OneDrive\Рабочий стол\ExampleVisual\Library\PackageCache\com.unity.visualscripting@1.7.2\Editor\VisualScripting.Core\Dependencies\DotNetZip\Unity.VisualScripting.IonicZip.dll
Native extension for WindowsStandalone target not found
Refreshing native plugins compatible for Editor in 0.69 ms, found 4 plugins.
Preloading 0 native plugins for Editor in 0.00 ms.
Mono: successfully reloaded assembly
- Completed reload, in  0.975 seconds
Domain Reload Profiling:
	ReloadAssembly (976ms)
		BeginReloadAssembly (118ms)
			ExecutionOrderSort (0ms)
			DisableScriptedObjects (4ms)
			BackupInstance (0ms)
			ReleaseScriptingObjects (0ms)
			CreateAndSetChildDomain (50ms)
		EndReloadAssembly (806ms)
			LoadAssemblies (84ms)
			RebuildTransferFunctionScriptingTraits (0ms)
			SetupTypeCache (348ms)
			ReleaseScriptCaches (1ms)
			RebuildScriptCaches (34ms)
			SetupLoadedEditorAssemblies (249ms)
				LogAssemblyErrors (0ms)
				InitializePlatformSupportModulesInManaged (4ms)
				SetLoadedEditorAssemblies (0ms)
				RefreshPlugins (1ms)
				BeforeProcessingInitializeOnLoad (54ms)
				ProcessInitializeOnLoadAttributes (180ms)
				ProcessInitializeOnLoadMethodAttributes (7ms)
				AfterProcessingInitializeOnLoad (3ms)
				EditorAssembliesLoaded (0ms)
			ExecutionOrderSort2 (0ms)
			AwakeInstancesAfterBackupRestoration (5ms)
Platform modules already initialized, skipping
Refreshing native plugins compatible for Editor in 0.76 ms, found 4 plugins.
Preloading 0 native plugins for Editor in 0.00 ms.
Unloading 3088 Unused Serialized files (Serialized files now loaded: 0)
System memory in use before: 113.8 MB.
System memory in use after: 114.1 MB.

Unloading 35 unused Assets to reduce memory usage. Loaded Objects now: 3635.
Total: 3.632000 ms (FindLiveObjects: 0.287900 ms CreateObjectMapping: 0.148400 ms MarkObjects: 3.111400 ms  DeleteObjects: 0.083300 ms)

AssetImportParameters requested are different than current active one (requested -> active):
  custom:framework-win-MediaFoundation: 216162199b28c13a410421893ffa2e32 -> 
  custom:video-decoder-ogg-theora: a1e56fd34408186e4bbccfd4996cb3dc -> 
  custom:container-muxer-webm: aa71ff27fc2769a1b78a27578f13a17b -> 
  custom:container-demuxer-webm: 4f35f7cbe854078d1ac9338744f61a02 -> 
  custom:container-demuxer-ogg: 62fdf1f143b41e24485cea50d1cbac27 -> 
  custom:video-encoder-webm-vp8: eb34c28f22e8b96e1ab97ce403110664 -> 
  custom:video-decoder-webm-vp8: 9c59270c3fd7afecdb556c50c9e8de78 -> 
  custom:audio-decoder-ogg-vorbis: bf7c407c2cedff20999df2af8eb42d56 -> 
  custom:audio-encoder-webm-vorbis: bf7c407c2cedff20999df2af8eb42d56 -> 
========================================================================
Received Import Request.
  Time since last request: 92.350855 seconds.
  path: Assets/Physics/BounceFX.physicMaterial
  artifactKey: Guid(61377b56f96ece648b961c6922ea83dc) Importer(815301076,1909f56bfc062723c751e8b465ee728b)
Start importing Assets/Physics/BounceFX.physicMaterial using Guid(61377b56f96ece648b961c6922ea83dc) Importer(815301076,1909f56bfc062723c751e8b465ee728b)  -> (artifact id: 'f2fb0a93d2e02c309c2dbd4e14642ca3') in 0.011196 seconds 
  Import took 0.015798 seconds .

AssetImportWorkerClient::OnTransportError - code=2 error=End of file
